
07.04.2024, 06:01:03 - ERROR: Download of "https://rre.com/apriva.com", referred from "/Users/matthew/Documents/sites/rre/rre.com/portfolio.html", failed with error code 404 (not found)
07.04.2024, 06:01:03 - ERROR: Download of "https://rre.com/apriva.com", referred from "/Users/matthew/Documents/sites/rre/rre.com/portfolio/apriva.html", failed with error code 404 (not found)
07.04.2024, 06:01:03 - ERROR: Download of "https://rre.com/ar.ca", referred from "/Users/matthew/Documents/sites/rre/rre.com/portfolio.html", failed with error code 404 (not found)
07.04.2024, 06:01:03 - ERROR: Download of "https://rre.com/ar.ca", referred from "/Users/matthew/Documents/sites/rre/rre.com/portfolio/arca.html", failed with error code 404 (not found)
07.04.2024, 06:01:17 - ERROR: Download of "https://dirtylemon.com/", referred from "/Users/matthew/Documents/sites/rre/rre.com/portfolio.html", failed with error code -1003 (A server with the specified hostname could not be found.)
07.04.2024, 06:01:17 - ERROR: Download of "https://dirtylemon.com/", referred from "/Users/matthew/Documents/sites/rre/rre.com/portfolio/dirty-lemon.html", failed with error code -1003 (A server with the specified hostname could not be found.)
07.04.2024, 06:01:22 - ERROR: Download of "https://rre.com/www.icrossing.com", referred from "/Users/matthew/Documents/sites/rre/rre.com/portfolio.html", failed with error code 404 (not found)
07.04.2024, 06:01:23 - ERROR: Download of "https://rre.com/www.icrossing.com", referred from "/Users/matthew/Documents/sites/rre/rre.com/portfolio/icrossing.html", failed with error code 404 (not found)
07.04.2024, 06:01:29 - ERROR: Download of "https://rre.com/learnboost.com", referred from "/Users/matthew/Documents/sites/rre/rre.com/portfolio.html", failed with error code 404 (not found)
07.04.2024, 06:01:30 - ERROR: Download of "https://rre.com/learnboost.com", referred from "/Users/matthew/Documents/sites/rre/rre.com/portfolio/learnboost.html", failed with error code 404 (not found)
07.04.2024, 06:01:30 - ERROR: Download of "https://rre.com/portfolio/lynk-global", referred from "/Users/matthew/Documents/sites/rre/rre.com/focuses/space.html", failed with error code 404 (not found)
07.04.2024, 06:01:30 - ERROR: Download of "https://rre.com/portfolio/lynk-global", referred from "/Users/matthew/Documents/sites/rre/rre.com/focuses/enterprise.html", failed with error code 404 (not found)
07.04.2024, 06:01:30 - ERROR: Download of "https://rre.com/portfolio/lynk-global", referred from "/Users/matthew/Documents/sites/rre/rre.com/portfolio.html", failed with error code 404 (not found)
07.04.2024, 06:01:30 - ERROR: Download of "https://rre.com/makerbot.com", referred from "/Users/matthew/Documents/sites/rre/rre.com/portfolio.html", failed with error code 404 (not found)
07.04.2024, 06:01:30 - ERROR: Download of "https://rre.com/makerbot.com", referred from "/Users/matthew/Documents/sites/rre/rre.com/portfolio/makerbot.html", failed with error code 404 (not found)
07.04.2024, 06:01:30 - ERROR: Download of "https://rre.com/massiveincorporated.com", referred from "/Users/matthew/Documents/sites/rre/rre.com/portfolio.html", failed with error code 404 (not found)
07.04.2024, 06:01:31 - ERROR: Download of "https://rre.com/massiveincorporated.com", referred from "/Users/matthew/Documents/sites/rre/rre.com/portfolio/massive.html", failed with error code 404 (not found)
07.04.2024, 06:01:36 - ERROR: Download of "https://rre.com/portfolio/lynk-global", referred from "/Users/matthew/Documents/sites/rre/rre.com/team/will-porteous.html", failed with error code 404 (not found)
07.04.2024, 06:01:38 - ERROR: Download of "http://nodejitsu.com/", referred from "/Users/matthew/Documents/sites/rre/rre.com/portfolio.html", failed with error code -1003 (A server with the specified hostname could not be found.)
07.04.2024, 06:01:38 - ERROR: Download of "http://nodejitsu.com/", referred from "/Users/matthew/Documents/sites/rre/rre.com/portfolio/nodejitsu.html", failed with error code -1003 (A server with the specified hostname could not be found.)
07.04.2024, 06:01:52 - ERROR: Download of "https://rre.com/primerevenue.com", referred from "/Users/matthew/Documents/sites/rre/rre.com/portfolio/primerevenue.html", failed with error code 404 (not found)
07.04.2024, 06:01:52 - ERROR: Download of "https://rre.com/primerevenue.com", referred from "/Users/matthew/Documents/sites/rre/rre.com/portfolio.html", failed with error code 404 (not found)
07.04.2024, 06:01:53 - ERROR: Download of "https://rre.com/proofpoint.com", referred from "/Users/matthew/Documents/sites/rre/rre.com/portfolio.html", failed with error code 404 (not found)
07.04.2024, 06:01:53 - ERROR: Download of "https://rre.com/proofpoint.com", referred from "/Users/matthew/Documents/sites/rre/rre.com/portfolio/proofpoint.html", failed with error code 404 (not found)
07.04.2024, 06:02:06 - ERROR: Download of "https://rre.com/_next/image?url=https:%2F%2Fassets.tina.io%2Fece9d4e6-5d1d-466d-b99b-15cdd7ab9b76%2FScreenshot%202023-10-25%20at%2016.28.01.png&w=256&q=90", referred from "/Users/matthew/Documents/sites/rre/rre.com/team.html", failed with error code 404 (not found)
07.04.2024, 06:02:06 - ERROR: Download of "https://rre.com/_next/image?url=https:%2F%2Fassets.tina.io%2Fece9d4e6-5d1d-466d-b99b-15cdd7ab9b76%2FScreenshot%202023-10-25%20at%2016.28.01.png&w=3840&q=90", referred from "/Users/matthew/Documents/sites/rre/rre.com/team.html", failed with error code 404 (not found)
07.04.2024, 06:02:06 - ERROR: Download of "https://rre.com/_next/image?url=https:%2F%2Fassets.tina.io%2Fece9d4e6-5d1d-466d-b99b-15cdd7ab9b76%2FScreenshot%202023-10-25%20at%2016.28.01.png&w=384&q=90", referred from "/Users/matthew/Documents/sites/rre/rre.com/team.html", failed with error code 404 (not found)
07.04.2024, 06:02:06 - ERROR: Download of "https://rre.com/_next/image?url=https:%2F%2Fassets.tina.io%2Fece9d4e6-5d1d-466d-b99b-15cdd7ab9b76%2FScreenshot%202023-10-25%20at%2016.28.01.png&w=640&q=90", referred from "/Users/matthew/Documents/sites/rre/rre.com/team.html", failed with error code 404 (not found)
07.04.2024, 06:02:07 - ERROR: Download of "https://rre.com/_next/image?url=https:%2F%2Fassets.tina.io%2Fece9d4e6-5d1d-466d-b99b-15cdd7ab9b76%2FScreenshot%202023-10-25%20at%2016.28.01.png&w=750&q=90", referred from "/Users/matthew/Documents/sites/rre/rre.com/team.html", failed with error code 404 (not found)
07.04.2024, 06:02:07 - ERROR: Download of "https://rre.com/_next/image?url=https:%2F%2Fassets.tina.io%2Fece9d4e6-5d1d-466d-b99b-15cdd7ab9b76%2FScreenshot%202023-10-25%20at%2016.28.01.png&w=828&q=90", referred from "/Users/matthew/Documents/sites/rre/rre.com/team.html", failed with error code 404 (not found)
07.04.2024, 06:02:07 - ERROR: Download of "https://rre.com/_next/image?url=https:%2F%2Fassets.tina.io%2Fece9d4e6-5d1d-466d-b99b-15cdd7ab9b76%2FScreenshot%202023-10-25%20at%2016.28.01.png&w=1080&q=90", referred from "/Users/matthew/Documents/sites/rre/rre.com/team.html", failed with error code 404 (not found)
07.04.2024, 06:02:07 - ERROR: Download of "https://rre.com/_next/image?url=https:%2F%2Fassets.tina.io%2Fece9d4e6-5d1d-466d-b99b-15cdd7ab9b76%2FScreenshot%202023-10-25%20at%2016.28.01.png&w=1200&q=90", referred from "/Users/matthew/Documents/sites/rre/rre.com/team.html", failed with error code 404 (not found)
07.04.2024, 06:02:07 - ERROR: Download of "https://rre.com/_next/image?url=https:%2F%2Fassets.tina.io%2Fece9d4e6-5d1d-466d-b99b-15cdd7ab9b76%2FScreenshot%202023-10-25%20at%2016.28.01.png&w=2048&q=90", referred from "/Users/matthew/Documents/sites/rre/rre.com/team.html", failed with error code 404 (not found)
07.04.2024, 06:02:07 - ERROR: Download of "https://rre.com/_next/image?url=https:%2F%2Fassets.tina.io%2Fece9d4e6-5d1d-466d-b99b-15cdd7ab9b76%2FScreenshot%202023-10-25%20at%2016.28.01.png&w=1920&q=90", referred from "/Users/matthew/Documents/sites/rre/rre.com/team.html", failed with error code 404 (not found)
07.04.2024, 06:05:19 - ERROR: Download of "http://firstperformance.com", referred from "/Users/matthew/Documents/sites/rre/rre.com/portfolio/first-performance.html", failed with error code -1001 (The request timed out.)
07.04.2024, 06:05:19 - ERROR: Download of "http://firstperformance.com", referred from "/Users/matthew/Documents/sites/rre/rre.com/portfolio.html", failed with error code -1001 (The request timed out.)

---------------------
